1733053547.474961 client started (1682): version 3.5a, socket /private/tmp/tmux-501/default, protocol 8
1733053547.475021 on Darwin 23.4.0 Darwin Kernel Version 23.4.0: Wed Feb 21 21:45:48 PST 2024; root:xnu-10063.101.15~2/RELEASE_ARM64_T8122
1733053547.475032 using libevent 2.1.12-stable select
1733053547.475692 using utf8proc 2.9.0
1733053547.475706 using ncurses 6.5 20240427
1733053547.475728 flags are 0x10010000
1733053547.475737 socket is /private/tmp/tmux-501/default
1733053547.475747 trying connect
1733053547.475784 add peer 0x140008000: 6 (0x0)
1733053547.478992 sending message 111 to peer 0x140008000 (8 bytes)
1733053547.479000 sending message 111 to peer 0x140008000 (8 bytes)
1733053547.479004 sending message 101 to peer 0x140008000 (14 bytes)
1733053547.479008 sending message 109 to peer 0x140008000 (4 bytes)
1733053547.479012 sending message 102 to peer 0x140008000 (13 bytes)
1733053547.479016 sending message 108 to peer 0x140008000 (29 bytes)
1733053547.479020 sending message 112 to peer 0x140008000 (70 bytes)
1733053547.479023 sending message 112 to peer 0x140008000 (5 bytes)
1733053547.479027 sending message 112 to peer 0x140008000 (5 bytes)
1733053547.479030 sending message 112 to peer 0x140008000 (6 bytes)
1733053547.479034 sending message 112 to peer 0x140008000 (6 bytes)
1733053547.479038 sending message 112 to peer 0x140008000 (11 bytes)
1733053547.479041 sending message 112 to peer 0x140008000 (10 bytes)
1733053547.479045 sending message 112 to peer 0x140008000 (13 bytes)
1733053547.479048 sending message 112 to peer 0x140008000 (13 bytes)
1733053547.479052 sending message 112 to peer 0x140008000 (18 bytes)
1733053547.479055 sending message 112 to peer 0x140008000 (11 bytes)
1733053547.479059 sending message 112 to peer 0x140008000 (10 bytes)
1733053547.479062 sending message 112 to peer 0x140008000 (15 bytes)
1733053547.479066 sending message 112 to peer 0x140008000 (21 bytes)
1733053547.479070 sending message 112 to peer 0x140008000 (13 bytes)
1733053547.479073 sending message 112 to peer 0x140008000 (7 bytes)
1733053547.479077 sending message 112 to peer 0x140008000 (13 bytes)
1733053547.479080 sending message 112 to peer 0x140008000 (7 bytes)
1733053547.479084 sending message 112 to peer 0x140008000 (13 bytes)
1733053547.479087 sending message 112 to peer 0x140008000 (9 bytes)
1733053547.479091 sending message 112 to peer 0x140008000 (21 bytes)
1733053547.479094 sending message 112 to peer 0x140008000 (13 bytes)
1733053547.479098 sending message 112 to peer 0x140008000 (8 bytes)
1733053547.479101 sending message 112 to peer 0x140008000 (12 bytes)
1733053547.479105 sending message 112 to peer 0x140008000 (13 bytes)
1733053547.479108 sending message 112 to peer 0x140008000 (9 bytes)
1733053547.479112 sending message 112 to peer 0x140008000 (9 bytes)
1733053547.479115 sending message 112 to peer 0x140008000 (12 bytes)
1733053547.479119 sending message 112 to peer 0x140008000 (8 bytes)
1733053547.479122 sending message 112 to peer 0x140008000 (7 bytes)
1733053547.479126 sending message 112 to peer 0x140008000 (7 bytes)
1733053547.479129 sending message 112 to peer 0x140008000 (9 bytes)
1733053547.479133 sending message 112 to peer 0x140008000 (13 bytes)
1733053547.479136 sending message 112 to peer 0x140008000 (6 bytes)
1733053547.479140 sending message 112 to peer 0x140008000 (9 bytes)
1733053547.479143 sending message 112 to peer 0x140008000 (13 bytes)
1733053547.479147 sending message 112 to peer 0x140008000 (12 bytes)
1733053547.479150 sending message 112 to peer 0x140008000 (8 bytes)
1733053547.479154 sending message 112 to peer 0x140008000 (9 bytes)
1733053547.479158 sending message 112 to peer 0x140008000 (10 bytes)
1733053547.479161 sending message 112 to peer 0x140008000 (10 bytes)
1733053547.479165 sending message 112 to peer 0x140008000 (10 bytes)
1733053547.479168 sending message 112 to peer 0x140008000 (10 bytes)
1733053547.479172 sending message 112 to peer 0x140008000 (11 bytes)
1733053547.479175 sending message 112 to peer 0x140008000 (10 bytes)
1733053547.479179 sending message 112 to peer 0x140008000 (8 bytes)
1733053547.479190 sending message 112 to peer 0x140008000 (11 bytes)
1733053547.479192 sending message 112 to peer 0x140008000 (11 bytes)
1733053547.479195 sending message 112 to peer 0x140008000 (11 bytes)
1733053547.479197 sending message 112 to peer 0x140008000 (8 bytes)
1733053547.479200 sending message 112 to peer 0x140008000 (8 bytes)
1733053547.479202 sending message 112 to peer 0x140008000 (8 bytes)
1733053547.479204 sending message 112 to peer 0x140008000 (10 bytes)
1733053547.479207 sending message 112 to peer 0x140008000 (10 bytes)
1733053547.479209 sending message 112 to peer 0x140008000 (10 bytes)
1733053547.479211 sending message 112 to peer 0x140008000 (10 bytes)
1733053547.479214 sending message 112 to peer 0x140008000 (10 bytes)
1733053547.479216 sending message 112 to peer 0x140008000 (11 bytes)
1733053547.479218 sending message 112 to peer 0x140008000 (11 bytes)
1733053547.479221 sending message 112 to peer 0x140008000 (10 bytes)
1733053547.479223 sending message 112 to peer 0x140008000 (9 bytes)
1733053547.479226 sending message 112 to peer 0x140008000 (9 bytes)
1733053547.479228 sending message 112 to peer 0x140008000 (12 bytes)
1733053547.479230 sending message 112 to peer 0x140008000 (9 bytes)
1733053547.479233 sending message 112 to peer 0x140008000 (6 bytes)
1733053547.479235 sending message 112 to peer 0x140008000 (8 bytes)
1733053547.479238 sending message 112 to peer 0x140008000 (15 bytes)
1733053547.479240 sending message 112 to peer 0x140008000 (13 bytes)
1733053547.479242 sending message 112 to peer 0x140008000 (9 bytes)
1733053547.479245 sending message 112 to peer 0x140008000 (70 bytes)
1733053547.479247 sending message 112 to peer 0x140008000 (69 bytes)
1733053547.479249 sending message 112 to peer 0x140008000 (10 bytes)
1733053547.479252 sending message 112 to peer 0x140008000 (10 bytes)
1733053547.479254 sending message 112 to peer 0x140008000 (8 bytes)
1733053547.479257 sending message 112 to peer 0x140008000 (15 bytes)
1733053547.479259 sending message 112 to peer 0x140008000 (13 bytes)
1733053547.479261 sending message 112 to peer 0x140008000 (10 bytes)
1733053547.479264 sending message 112 to peer 0x140008000 (10 bytes)
1733053547.479266 sending message 112 to peer 0x140008000 (13 bytes)
1733053547.479268 sending message 112 to peer 0x140008000 (9 bytes)
1733053547.479271 sending message 112 to peer 0x140008000 (5 bytes)
1733053547.479273 sending message 112 to peer 0x140008000 (5 bytes)
1733053547.479276 sending message 104 to peer 0x140008000 (0 bytes)
1733053547.479279 sending message 110 to peer 0x140008000 (0 bytes)
1733053547.479282 sending message 107 to peer 0x140008000 (4 bytes)
1733053547.479284 sending message 105 to peer 0x140008000 (15 bytes)
1733053547.479286 sending message 105 to peer 0x140008000 (20 bytes)
1733053547.479289 sending message 105 to peer 0x140008000 (22 bytes)
1733053547.479291 sending message 105 to peer 0x140008000 (32 bytes)
1733053547.479294 sending message 105 to peer 0x140008000 (29 bytes)
1733053547.479296 sending message 105 to peer 0x140008000 (21 bytes)
1733053547.479298 sending message 105 to peer 0x140008000 (24 bytes)
1733053547.479301 sending message 105 to peer 0x140008000 (37 bytes)
1733053547.479303 sending message 105 to peer 0x140008000 (30 bytes)
1733053547.479306 sending message 105 to peer 0x140008000 (34 bytes)
1733053547.479308 sending message 105 to peer 0x140008000 (60 bytes)
1733053547.479310 sending message 105 to peer 0x140008000 (22 bytes)
1733053547.479313 sending message 105 to peer 0x140008000 (61 bytes)
1733053547.479315 sending message 105 to peer 0x140008000 (17 bytes)
1733053547.479317 sending message 105 to peer 0x140008000 (19 bytes)
1733053547.479320 sending message 105 to peer 0x140008000 (26 bytes)
1733053547.479322 sending message 105 to peer 0x140008000 (20 bytes)
1733053547.479325 sending message 105 to peer 0x140008000 (59 bytes)
1733053547.479327 sending message 105 to peer 0x140008000 (16 bytes)
1733053547.479329 sending message 105 to peer 0x140008000 (32 bytes)
1733053547.479332 sending message 105 to peer 0x140008000 (68 bytes)
1733053547.479339 sending message 105 to peer 0x140008000 (44 bytes)
1733053547.479342 sending message 105 to peer 0x140008000 (12 bytes)
1733053547.479344 sending message 105 to peer 0x140008000 (924 bytes)
1733053547.479347 sending message 105 to peer 0x140008000 (16 bytes)
1733053547.479349 sending message 105 to peer 0x140008000 (33 bytes)
1733053547.479352 sending message 105 to peer 0x140008000 (15 bytes)
1733053547.479354 sending message 105 to peer 0x140008000 (8 bytes)
1733053547.479357 sending message 105 to peer 0x140008000 (66 bytes)
1733053547.479359 sending message 105 to peer 0x140008000 (19 bytes)
1733053547.479361 sending message 105 to peer 0x140008000 (86 bytes)
1733053547.479364 sending message 105 to peer 0x140008000 (42 bytes)
1733053547.479366 sending message 105 to peer 0x140008000 (18 bytes)
1733053547.479369 sending message 105 to peer 0x140008000 (26 bytes)
1733053547.479371 sending message 105 to peer 0x140008000 (60 bytes)
1733053547.479373 sending message 105 to peer 0x140008000 (57 bytes)
1733053547.479376 sending message 105 to peer 0x140008000 (42 bytes)
1733053547.479378 sending message 105 to peer 0x140008000 (13 bytes)
1733053547.479380 sending message 105 to peer 0x140008000 (59 bytes)
1733053547.479383 sending message 105 to peer 0x140008000 (17 bytes)
1733053547.479385 sending message 105 to peer 0x140008000 (14 bytes)
1733053547.479387 sending message 105 to peer 0x140008000 (19 bytes)
1733053547.479390 sending message 105 to peer 0x140008000 (51 bytes)
1733053547.479392 sending message 105 to peer 0x140008000 (46 bytes)
1733053547.479395 sending message 105 to peer 0x140008000 (26 bytes)
1733053547.479397 sending message 105 to peer 0x140008000 (22 bytes)
1733053547.479399 sending message 105 to peer 0x140008000 (43 bytes)
1733053547.479402 sending message 105 to peer 0x140008000 (32 bytes)
1733053547.479404 sending message 105 to peer 0x140008000 (10 bytes)
1733053547.479407 sending message 105 to peer 0x140008000 (25 bytes)
1733053547.479409 sending message 106 to peer 0x140008000 (0 bytes)
1733053547.479437 sending message 200 to peer 0x140008000 (4 bytes)
1733053547.479441 client loop enter
1733053547.479576 peer 0x140008000 message 303
1733053547.479581 open write file 2 -
1733053547.479587 sending message 305 to peer 0x140008000 (8 bytes)
1733053547.479595 write check file 2
1733053547.479614 peer 0x140008000 message 304
1733053547.479617 write 58 to file 2
1733053547.479620 peer 0x140008000 message 203
1733053547.479622 file 2 58 bytes left
1733053547.479630 write check file 2
1733053547.479632 client loop exit
